[debug] [2025-08-06T19:33:42.320Z] [Firebase Plugin] Activating Firebase extension.
[info] [Firebase Plugin] Checked firebase-tools, is up to date!
[debug] [2025-08-06T19:33:44.714Z] [Firebase Plugin] requireAuthWrapper
[debug] [2025-08-06T19:33:44.715Z] > command requires scopes: ["email","openid","https://www.googleapis.com/auth/cloudplatformprojects.readonly","https://www.googleapis.com/auth/firebase","https://www.googleapis.com/auth/cloud-platform"]
[debug] [2025-08-06T19:33:44.715Z] > authorizing via signed-in user (f.juansantiago@gmail.com)
[debug] [2025-08-06T19:33:44.718Z] Checked if tokens are valid: true, expires at: 1754511224884
[debug] [2025-08-06T19:33:44.718Z] Checked if tokens are valid: true, expires at: 1754511224884
[debug] [2025-08-06T19:33:44.718Z] [Firebase Plugin] User found:  f.juansantiago@gmail.com
[info] [Firebase Plugin] (Core:Project) New user detected, fetching projects
[debug] [2025-08-06T19:33:44.719Z] Checked if tokens are valid: true, expires at: 1754511224884
[debug] [2025-08-06T19:33:44.720Z] >>> [apiv2][query] GET https://firebase.googleapis.com/v1beta1/projects pageSize=1000
[info] [Firebase Plugin] Starting Data Connect toolkit (version 2.10.1) on port 50002
[debug] [2025-08-06T19:33:44.966Z] 'fdc build' failed with error: Unable to build your Data Connect schema and connectors (exit code 1): E0806 16:33:44.952825   11300 cmd.go:43] Error loading data connect config: could not find dataconnect.yaml in `c:\Users\Juan\Desktop\educaiapp\educai_app\dataconnect`
 {"metadata":{"emulator":{"name":"dataconnect"},"message":"'fdc build' failed with error: Unable to build your Data Connect schema and connectors (exit code 1): E0806 16:33:44.952825   11300 cmd.go:43] Error loading data connect config: could not find dataconnect.yaml in `c:\\Users\\Juan\\Desktop\\educaiapp\\educai_app\\dataconnect`\n"}}
[debug] [2025-08-06T19:33:44.966Z] Ignoring unsupported arg: auto_download {"metadata":{"emulator":{"name":"dataconnect"},"message":"Ignoring unsupported arg: auto_download"}}
[debug] [2025-08-06T19:33:44.967Z] Ignoring unsupported arg: port {"metadata":{"emulator":{"name":"dataconnect"},"message":"Ignoring unsupported arg: port"}}
[debug] [2025-08-06T19:33:44.967Z] Starting Data Connect Emulator with command {"binary":"C:\\Users\\Juan\\.cache\\firebase\\emulators\\dataconnect-emulator-2.10.1.exe","args":["--logtostderr","-v=2","dev","--listen=localhost:50002","--config_dir=c:\\Users\\Juan\\Desktop\\educaiapp\\educai_app\\dataconnect","--enable_output_schema_extensions=true","--enable_output_generated_sdk=true"],"optionalArgs":["listen","config_dir","enable_output_schema_extensions","enable_output_generated_sdk"],"joinArgs":true,"shell":false,"port":9399} {"metadata":{"emulator":{"name":"dataconnect"},"message":"Starting Data Connect Emulator with command {\"binary\":\"C:\\\\Users\\\\Juan\\\\.cache\\\\firebase\\\\emulators\\\\dataconnect-emulator-2.10.1.exe\",\"args\":[\"--logtostderr\",\"-v=2\",\"dev\",\"--listen=localhost:50002\",\"--config_dir=c:\\\\Users\\\\Juan\\\\Desktop\\\\educaiapp\\\\educai_app\\\\dataconnect\",\"--enable_output_schema_extensions=true\",\"--enable_output_generated_sdk=true\"],\"optionalArgs\":[\"listen\",\"config_dir\",\"enable_output_schema_extensions\",\"enable_output_generated_sdk\"],\"joinArgs\":true,\"shell\":false,\"port\":9399}"}}
[info] i  dataconnect: Data Connect Emulator logging to dataconnect-debug.log {"metadata":{"emulator":{"name":"dataconnect"},"message":"Data Connect Emulator logging to \u001b[1mdataconnect-debug.log\u001b[22m"}}
[debug] [2025-08-06T19:33:45.002Z] E0806 16:33:44.992374   10392 load.go:23] Could not load config from "c:\\Users\\Juan\\Desktop\\educaiapp\\educai_app\\dataconnect": could not find dataconnect.yaml in `c:\Users\Juan\Desktop\educaiapp\educai_app\dataconnect`
 {"metadata":{"emulator":{"name":"dataconnect"},"message":"E0806 16:33:44.992374   10392 load.go:23] Could not load config from \"c:\\\\Users\\\\Juan\\\\Desktop\\\\educaiapp\\\\educai_app\\\\dataconnect\": could not find dataconnect.yaml in `c:\\Users\\Juan\\Desktop\\educaiapp\\educai_app\\dataconnect`\n"}}
[debug] [2025-08-06T19:33:45.003Z] E0806 16:33:45.003088   10392 watch.go:76] watchAllDir unable to walk dir `c:\Users\Juan\Desktop\educaiapp\educai_app\dataconnect`: on path "c:\\Users\\Juan\\Desktop\\educaiapp\\educai_app\\dataconnect" (DirEntry: <nil>): CreateFile c:\Users\Juan\Desktop\educaiapp\educai_app\dataconnect: The system cannot find the file specified.
 {"metadata":{"emulator":{"name":"dataconnect"},"message":"E0806 16:33:45.003088   10392 watch.go:76] watchAllDir unable to walk dir `c:\\Users\\Juan\\Desktop\\educaiapp\\educai_app\\dataconnect`: on path \"c:\\\\Users\\\\Juan\\\\Desktop\\\\educaiapp\\\\educai_app\\\\dataconnect\" (DirEntry: <nil>): CreateFile c:\\Users\\Juan\\Desktop\\educaiapp\\educai_app\\dataconnect: The system cannot find the file specified.\n"}}
[debug] [2025-08-06T19:33:45.011Z] I0806 16:33:45.012182   10392 dev.go:95] Listening on address (HTTP + gRPC): 127.0.0.1:50002
 {"metadata":{"emulator":{"name":"dataconnect"},"message":"I0806 16:33:45.012182   10392 dev.go:95] Listening on address (HTTP + gRPC): 127.0.0.1:50002\n"}}
[error] [Firebase Plugin] error:  {}
[debug] [2025-08-06T19:33:45.792Z] <<< [apiv2][status] GET https://firebase.googleapis.com/v1beta1/projects 200
[debug] [2025-08-06T19:33:45.792Z] <<< [apiv2][body] GET https://firebase.googleapis.com/v1beta1/projects [omitted]
[debug] [2025-08-06T19:33:55.002Z] E0806 16:33:55.003200   10392 load.go:23] Could not load config from "c:\\Users\\Juan\\Desktop\\educaiapp\\educai_app\\dataconnect": could not find dataconnect.yaml in `c:\Users\Juan\Desktop\educaiapp\educai_app\dataconnect`
 {"metadata":{"emulator":{"name":"dataconnect"},"message":"E0806 16:33:55.003200   10392 load.go:23] Could not load config from \"c:\\\\Users\\\\Juan\\\\Desktop\\\\educaiapp\\\\educai_app\\\\dataconnect\": could not find dataconnect.yaml in `c:\\Users\\Juan\\Desktop\\educaiapp\\educai_app\\dataconnect`\n"}}
[debug] [2025-08-06T19:34:05.002Z] E0806 16:34:05.003189   10392 load.go:23] Could not load config from "c:\\Users\\Juan\\Desktop\\educaiapp\\educai_app\\dataconnect": could not find dataconnect.yaml in `c:\Users\Juan\Desktop\educaiapp\educai_app\dataconnect`
 {"metadata":{"emulator":{"name":"dataconnect"},"message":"E0806 16:34:05.003189   10392 load.go:23] Could not load config from \"c:\\\\Users\\\\Juan\\\\Desktop\\\\educaiapp\\\\educai_app\\\\dataconnect\": could not find dataconnect.yaml in `c:\\Users\\Juan\\Desktop\\educaiapp\\educai_app\\dataconnect`\n"}}
[debug] [2025-08-06T19:34:15.003Z] E0806 16:34:15.003474   10392 load.go:23] Could not load config from "c:\\Users\\Juan\\Desktop\\educaiapp\\educai_app\\dataconnect": could not find dataconnect.yaml in `c:\Users\Juan\Desktop\educaiapp\educai_app\dataconnect`
 {"metadata":{"emulator":{"name":"dataconnect"},"message":"E0806 16:34:15.003474   10392 load.go:23] Could not load config from \"c:\\\\Users\\\\Juan\\\\Desktop\\\\educaiapp\\\\educai_app\\\\dataconnect\": could not find dataconnect.yaml in `c:\\Users\\Juan\\Desktop\\educaiapp\\educai_app\\dataconnect`\n"}}
[debug] [2025-08-06T19:34:25.002Z] E0806 16:34:25.003367   10392 load.go:23] Could not load config from "c:\\Users\\Juan\\Desktop\\educaiapp\\educai_app\\dataconnect": could not find dataconnect.yaml in `c:\Users\Juan\Desktop\educaiapp\educai_app\dataconnect`
 {"metadata":{"emulator":{"name":"dataconnect"},"message":"E0806 16:34:25.003367   10392 load.go:23] Could not load config from \"c:\\\\Users\\\\Juan\\\\Desktop\\\\educaiapp\\\\educai_app\\\\dataconnect\": could not find dataconnect.yaml in `c:\\Users\\Juan\\Desktop\\educaiapp\\educai_app\\dataconnect`\n"}}
[debug] [2025-08-06T19:34:36.822Z] E0806 16:34:35.003356   10392 load.go:23] Could not load config from "c:\\Users\\Juan\\Desktop\\educaiapp\\educai_app\\dataconnect": could not find dataconnect.yaml in `c:\Users\Juan\Desktop\educaiapp\educai_app\dataconnect`
 {"metadata":{"emulator":{"name":"dataconnect"},"message":"E0806 16:34:35.003356   10392 load.go:23] Could not load config from \"c:\\\\Users\\\\Juan\\\\Desktop\\\\educaiapp\\\\educai_app\\\\dataconnect\": could not find dataconnect.yaml in `c:\\Users\\Juan\\Desktop\\educaiapp\\educai_app\\dataconnect`\n"}}
[debug] [2025-08-06T19:34:45.003Z] E0806 16:34:45.003688   10392 load.go:23] Could not load config from "c:\\Users\\Juan\\Desktop\\educaiapp\\educai_app\\dataconnect": could not find dataconnect.yaml in `c:\Users\Juan\Desktop\educaiapp\educai_app\dataconnect`
 {"metadata":{"emulator":{"name":"dataconnect"},"message":"E0806 16:34:45.003688   10392 load.go:23] Could not load config from \"c:\\\\Users\\\\Juan\\\\Desktop\\\\educaiapp\\\\educai_app\\\\dataconnect\": could not find dataconnect.yaml in `c:\\Users\\Juan\\Desktop\\educaiapp\\educai_app\\dataconnect`\n"}}
[debug] [2025-08-06T19:34:55.003Z] E0806 16:34:55.003624   10392 load.go:23] Could not load config from "c:\\Users\\Juan\\Desktop\\educaiapp\\educai_app\\dataconnect": could not find dataconnect.yaml in `c:\Users\Juan\Desktop\educaiapp\educai_app\dataconnect`
 {"metadata":{"emulator":{"name":"dataconnect"},"message":"E0806 16:34:55.003624   10392 load.go:23] Could not load config from \"c:\\\\Users\\\\Juan\\\\Desktop\\\\educaiapp\\\\educai_app\\\\dataconnect\": could not find dataconnect.yaml in `c:\\Users\\Juan\\Desktop\\educaiapp\\educai_app\\dataconnect`\n"}}
[debug] [2025-08-06T19:35:05.003Z] E0806 16:35:05.003188   10392 load.go:23] Could not load config from "c:\\Users\\Juan\\Desktop\\educaiapp\\educai_app\\dataconnect": could not find dataconnect.yaml in `c:\Users\Juan\Desktop\educaiapp\educai_app\dataconnect`
 {"metadata":{"emulator":{"name":"dataconnect"},"message":"E0806 16:35:05.003188   10392 load.go:23] Could not load config from \"c:\\\\Users\\\\Juan\\\\Desktop\\\\educaiapp\\\\educai_app\\\\dataconnect\": could not find dataconnect.yaml in `c:\\Users\\Juan\\Desktop\\educaiapp\\educai_app\\dataconnect`\n"}}
[debug] [2025-08-06T19:35:15.005Z] E0806 16:35:15.005402   10392 load.go:23] Could not load config from "c:\\Users\\Juan\\Desktop\\educaiapp\\educai_app\\dataconnect": could not find dataconnect.yaml in `c:\Users\Juan\Desktop\educaiapp\educai_app\dataconnect`
 {"metadata":{"emulator":{"name":"dataconnect"},"message":"E0806 16:35:15.005402   10392 load.go:23] Could not load config from \"c:\\\\Users\\\\Juan\\\\Desktop\\\\educaiapp\\\\educai_app\\\\dataconnect\": could not find dataconnect.yaml in `c:\\Users\\Juan\\Desktop\\educaiapp\\educai_app\\dataconnect`\n"}}
[debug] [2025-08-06T19:35:25.003Z] E0806 16:35:25.003445   10392 load.go:23] Could not load config from "c:\\Users\\Juan\\Desktop\\educaiapp\\educai_app\\dataconnect": could not find dataconnect.yaml in `c:\Users\Juan\Desktop\educaiapp\educai_app\dataconnect`
 {"metadata":{"emulator":{"name":"dataconnect"},"message":"E0806 16:35:25.003445   10392 load.go:23] Could not load config from \"c:\\\\Users\\\\Juan\\\\Desktop\\\\educaiapp\\\\educai_app\\\\dataconnect\": could not find dataconnect.yaml in `c:\\Users\\Juan\\Desktop\\educaiapp\\educai_app\\dataconnect`\n"}}
[debug] [2025-08-06T19:35:35.003Z] E0806 16:35:35.003639   10392 load.go:23] Could not load config from "c:\\Users\\Juan\\Desktop\\educaiapp\\educai_app\\dataconnect": could not find dataconnect.yaml in `c:\Users\Juan\Desktop\educaiapp\educai_app\dataconnect`
 {"metadata":{"emulator":{"name":"dataconnect"},"message":"E0806 16:35:35.003639   10392 load.go:23] Could not load config from \"c:\\\\Users\\\\Juan\\\\Desktop\\\\educaiapp\\\\educai_app\\\\dataconnect\": could not find dataconnect.yaml in `c:\\Users\\Juan\\Desktop\\educaiapp\\educai_app\\dataconnect`\n"}}
[debug] [2025-08-06T19:35:45.003Z] E0806 16:35:45.003621   10392 load.go:23] Could not load config from "c:\\Users\\Juan\\Desktop\\educaiapp\\educai_app\\dataconnect": could not find dataconnect.yaml in `c:\Users\Juan\Desktop\educaiapp\educai_app\dataconnect`
E0806 16:35:45.003621   10392 watch.go:76] watchAllDir unable to walk dir `c:\Users\Juan\Desktop\educaiapp\educai_app\dataconnect`: on path "c:\\Users\\Juan\\Desktop\\educaiapp\\educai_app\\dataconnect" (DirEntry: <nil>): CreateFile c:\Users\Juan\Desktop\educaiapp\educai_app\dataconnect: The system cannot find the file specified.
 {"metadata":{"emulator":{"name":"dataconnect"},"message":"E0806 16:35:45.003621   10392 load.go:23] Could not load config from \"c:\\\\Users\\\\Juan\\\\Desktop\\\\educaiapp\\\\educai_app\\\\dataconnect\": could not find dataconnect.yaml in `c:\\Users\\Juan\\Desktop\\educaiapp\\educai_app\\dataconnect`\nE0806 16:35:45.003621   10392 watch.go:76] watchAllDir unable to walk dir `c:\\Users\\Juan\\Desktop\\educaiapp\\educai_app\\dataconnect`: on path \"c:\\\\Users\\\\Juan\\\\Desktop\\\\educaiapp\\\\educai_app\\\\dataconnect\" (DirEntry: <nil>): CreateFile c:\\Users\\Juan\\Desktop\\educaiapp\\educai_app\\dataconnect: The system cannot find the file specified.\n"}}
[debug] [2025-08-06T19:35:55.003Z] E0806 16:35:55.003516   10392 load.go:23] Could not load config from "c:\\Users\\Juan\\Desktop\\educaiapp\\educai_app\\dataconnect": could not find dataconnect.yaml in `c:\Users\Juan\Desktop\educaiapp\educai_app\dataconnect`
 {"metadata":{"emulator":{"name":"dataconnect"},"message":"E0806 16:35:55.003516   10392 load.go:23] Could not load config from \"c:\\\\Users\\\\Juan\\\\Desktop\\\\educaiapp\\\\educai_app\\\\dataconnect\": could not find dataconnect.yaml in `c:\\Users\\Juan\\Desktop\\educaiapp\\educai_app\\dataconnect`\n"}}
[debug] [2025-08-06T19:36:05.003Z] E0806 16:36:05.003184   10392 load.go:23] Could not load config from "c:\\Users\\Juan\\Desktop\\educaiapp\\educai_app\\dataconnect": could not find dataconnect.yaml in `c:\Users\Juan\Desktop\educaiapp\educai_app\dataconnect`
 {"metadata":{"emulator":{"name":"dataconnect"},"message":"E0806 16:36:05.003184   10392 load.go:23] Could not load config from \"c:\\\\Users\\\\Juan\\\\Desktop\\\\educaiapp\\\\educai_app\\\\dataconnect\": could not find dataconnect.yaml in `c:\\Users\\Juan\\Desktop\\educaiapp\\educai_app\\dataconnect`\n"}}
[debug] [2025-08-06T19:36:15.004Z] E0806 16:36:15.004379   10392 load.go:23] Could not load config from "c:\\Users\\Juan\\Desktop\\educaiapp\\educai_app\\dataconnect": could not find dataconnect.yaml in `c:\Users\Juan\Desktop\educaiapp\educai_app\dataconnect`
 {"metadata":{"emulator":{"name":"dataconnect"},"message":"E0806 16:36:15.004379   10392 load.go:23] Could not load config from \"c:\\\\Users\\\\Juan\\\\Desktop\\\\educaiapp\\\\educai_app\\\\dataconnect\": could not find dataconnect.yaml in `c:\\Users\\Juan\\Desktop\\educaiapp\\educai_app\\dataconnect`\n"}}
[debug] [2025-08-06T19:36:25.003Z] E0806 16:36:25.003417   10392 load.go:23] Could not load config from "c:\\Users\\Juan\\Desktop\\educaiapp\\educai_app\\dataconnect": could not find dataconnect.yaml in `c:\Users\Juan\Desktop\educaiapp\educai_app\dataconnect`
 {"metadata":{"emulator":{"name":"dataconnect"},"message":"E0806 16:36:25.003417   10392 load.go:23] Could not load config from \"c:\\\\Users\\\\Juan\\\\Desktop\\\\educaiapp\\\\educai_app\\\\dataconnect\": could not find dataconnect.yaml in `c:\\Users\\Juan\\Desktop\\educaiapp\\educai_app\\dataconnect`\n"}}
[debug] [2025-08-06T19:36:35.003Z] E0806 16:36:35.003349   10392 load.go:23] Could not load config from "c:\\Users\\Juan\\Desktop\\educaiapp\\educai_app\\dataconnect": could not find dataconnect.yaml in `c:\Users\Juan\Desktop\educaiapp\educai_app\dataconnect`
 {"metadata":{"emulator":{"name":"dataconnect"},"message":"E0806 16:36:35.003349   10392 load.go:23] Could not load config from \"c:\\\\Users\\\\Juan\\\\Desktop\\\\educaiapp\\\\educai_app\\\\dataconnect\": could not find dataconnect.yaml in `c:\\Users\\Juan\\Desktop\\educaiapp\\educai_app\\dataconnect`\n"}}
[debug] [2025-08-06T19:36:45.003Z] E0806 16:36:45.003416   10392 load.go:23] Could not load config from "c:\\Users\\Juan\\Desktop\\educaiapp\\educai_app\\dataconnect": could not find dataconnect.yaml in `c:\Users\Juan\Desktop\educaiapp\educai_app\dataconnect`
 {"metadata":{"emulator":{"name":"dataconnect"},"message":"E0806 16:36:45.003416   10392 load.go:23] Could not load config from \"c:\\\\Users\\\\Juan\\\\Desktop\\\\educaiapp\\\\educai_app\\\\dataconnect\": could not find dataconnect.yaml in `c:\\Users\\Juan\\Desktop\\educaiapp\\educai_app\\dataconnect`\n"}}
[debug] [2025-08-06T19:36:55.003Z] E0806 16:36:55.003455   10392 load.go:23] Could not load config from "c:\\Users\\Juan\\Desktop\\educaiapp\\educai_app\\dataconnect": could not find dataconnect.yaml in `c:\Users\Juan\Desktop\educaiapp\educai_app\dataconnect`
 {"metadata":{"emulator":{"name":"dataconnect"},"message":"E0806 16:36:55.003455   10392 load.go:23] Could not load config from \"c:\\\\Users\\\\Juan\\\\Desktop\\\\educaiapp\\\\educai_app\\\\dataconnect\": could not find dataconnect.yaml in `c:\\Users\\Juan\\Desktop\\educaiapp\\educai_app\\dataconnect`\n"}}
[debug] [2025-08-06T19:37:05.003Z] E0806 16:37:05.003573   10392 load.go:23] Could not load config from "c:\\Users\\Juan\\Desktop\\educaiapp\\educai_app\\dataconnect": could not find dataconnect.yaml in `c:\Users\Juan\Desktop\educaiapp\educai_app\dataconnect`
 {"metadata":{"emulator":{"name":"dataconnect"},"message":"E0806 16:37:05.003573   10392 load.go:23] Could not load config from \"c:\\\\Users\\\\Juan\\\\Desktop\\\\educaiapp\\\\educai_app\\\\dataconnect\": could not find dataconnect.yaml in `c:\\Users\\Juan\\Desktop\\educaiapp\\educai_app\\dataconnect`\n"}}
[debug] [2025-08-06T19:37:15.003Z] E0806 16:37:15.003561   10392 load.go:23] Could not load config from "c:\\Users\\Juan\\Desktop\\educaiapp\\educai_app\\dataconnect": could not find dataconnect.yaml in `c:\Users\Juan\Desktop\educaiapp\educai_app\dataconnect`
 {"metadata":{"emulator":{"name":"dataconnect"},"message":"E0806 16:37:15.003561   10392 load.go:23] Could not load config from \"c:\\\\Users\\\\Juan\\\\Desktop\\\\educaiapp\\\\educai_app\\\\dataconnect\": could not find dataconnect.yaml in `c:\\Users\\Juan\\Desktop\\educaiapp\\educai_app\\dataconnect`\n"}}
[debug] [2025-08-06T19:37:25.003Z] E0806 16:37:25.003656   10392 load.go:23] Could not load config from "c:\\Users\\Juan\\Desktop\\educaiapp\\educai_app\\dataconnect": could not find dataconnect.yaml in `c:\Users\Juan\Desktop\educaiapp\educai_app\dataconnect`
 {"metadata":{"emulator":{"name":"dataconnect"},"message":"E0806 16:37:25.003656   10392 load.go:23] Could not load config from \"c:\\\\Users\\\\Juan\\\\Desktop\\\\educaiapp\\\\educai_app\\\\dataconnect\": could not find dataconnect.yaml in `c:\\Users\\Juan\\Desktop\\educaiapp\\educai_app\\dataconnect`\n"}}
[debug] [2025-08-06T19:37:35.003Z] E0806 16:37:35.003616   10392 load.go:23] Could not load config from "c:\\Users\\Juan\\Desktop\\educaiapp\\educai_app\\dataconnect": could not find dataconnect.yaml in `c:\Users\Juan\Desktop\educaiapp\educai_app\dataconnect`
 {"metadata":{"emulator":{"name":"dataconnect"},"message":"E0806 16:37:35.003616   10392 load.go:23] Could not load config from \"c:\\\\Users\\\\Juan\\\\Desktop\\\\educaiapp\\\\educai_app\\\\dataconnect\": could not find dataconnect.yaml in `c:\\Users\\Juan\\Desktop\\educaiapp\\educai_app\\dataconnect`\n"}}
[debug] [2025-08-06T19:37:45.004Z] E0806 16:37:45.003604   10392 load.go:23] Could not load config from "c:\\Users\\Juan\\Desktop\\educaiapp\\educai_app\\dataconnect": could not find dataconnect.yaml in `c:\Users\Juan\Desktop\educaiapp\educai_app\dataconnect`
E0806 16:37:45.003604   10392 watch.go:76] watchAllDir unable to walk dir `c:\Users\Juan\Desktop\educaiapp\educai_app\dataconnect`: on path "c:\\Users\\Juan\\Desktop\\educaiapp\\educai_app\\dataconnect" (DirEntry: <nil>): CreateFile c:\Users\Juan\Desktop\educaiapp\educai_app\dataconnect: The system cannot find the file specified.
 {"metadata":{"emulator":{"name":"dataconnect"},"message":"E0806 16:37:45.003604   10392 load.go:23] Could not load config from \"c:\\\\Users\\\\Juan\\\\Desktop\\\\educaiapp\\\\educai_app\\\\dataconnect\": could not find dataconnect.yaml in `c:\\Users\\Juan\\Desktop\\educaiapp\\educai_app\\dataconnect`\nE0806 16:37:45.003604   10392 watch.go:76] watchAllDir unable to walk dir `c:\\Users\\Juan\\Desktop\\educaiapp\\educai_app\\dataconnect`: on path \"c:\\\\Users\\\\Juan\\\\Desktop\\\\educaiapp\\\\educai_app\\\\dataconnect\" (DirEntry: <nil>): CreateFile c:\\Users\\Juan\\Desktop\\educaiapp\\educai_app\\dataconnect: The system cannot find the file specified.\n"}}
[debug] [2025-08-06T19:37:55.004Z] E0806 16:37:55.003972   10392 load.go:23] Could not load config from "c:\\Users\\Juan\\Desktop\\educaiapp\\educai_app\\dataconnect": could not find dataconnect.yaml in `c:\Users\Juan\Desktop\educaiapp\educai_app\dataconnect`
 {"metadata":{"emulator":{"name":"dataconnect"},"message":"E0806 16:37:55.003972   10392 load.go:23] Could not load config from \"c:\\\\Users\\\\Juan\\\\Desktop\\\\educaiapp\\\\educai_app\\\\dataconnect\": could not find dataconnect.yaml in `c:\\Users\\Juan\\Desktop\\educaiapp\\educai_app\\dataconnect`\n"}}
[debug] [2025-08-06T19:38:05.005Z] E0806 16:38:05.004778   10392 load.go:23] Could not load config from "c:\\Users\\Juan\\Desktop\\educaiapp\\educai_app\\dataconnect": could not find dataconnect.yaml in `c:\Users\Juan\Desktop\educaiapp\educai_app\dataconnect`
 {"metadata":{"emulator":{"name":"dataconnect"},"message":"E0806 16:38:05.004778   10392 load.go:23] Could not load config from \"c:\\\\Users\\\\Juan\\\\Desktop\\\\educaiapp\\\\educai_app\\\\dataconnect\": could not find dataconnect.yaml in `c:\\Users\\Juan\\Desktop\\educaiapp\\educai_app\\dataconnect`\n"}}
[debug] [2025-08-06T19:38:15.004Z] E0806 16:38:15.003502   10392 load.go:23] Could not load config from "c:\\Users\\Juan\\Desktop\\educaiapp\\educai_app\\dataconnect": could not find dataconnect.yaml in `c:\Users\Juan\Desktop\educaiapp\educai_app\dataconnect`
 {"metadata":{"emulator":{"name":"dataconnect"},"message":"E0806 16:38:15.003502   10392 load.go:23] Could not load config from \"c:\\\\Users\\\\Juan\\\\Desktop\\\\educaiapp\\\\educai_app\\\\dataconnect\": could not find dataconnect.yaml in `c:\\Users\\Juan\\Desktop\\educaiapp\\educai_app\\dataconnect`\n"}}
[debug] [2025-08-06T19:38:25.003Z] E0806 16:38:25.003176   10392 load.go:23] Could not load config from "c:\\Users\\Juan\\Desktop\\educaiapp\\educai_app\\dataconnect": could not find dataconnect.yaml in `c:\Users\Juan\Desktop\educaiapp\educai_app\dataconnect`
 {"metadata":{"emulator":{"name":"dataconnect"},"message":"E0806 16:38:25.003176   10392 load.go:23] Could not load config from \"c:\\\\Users\\\\Juan\\\\Desktop\\\\educaiapp\\\\educai_app\\\\dataconnect\": could not find dataconnect.yaml in `c:\\Users\\Juan\\Desktop\\educaiapp\\educai_app\\dataconnect`\n"}}
[debug] [2025-08-06T19:38:35.004Z] E0806 16:38:35.003639   10392 load.go:23] Could not load config from "c:\\Users\\Juan\\Desktop\\educaiapp\\educai_app\\dataconnect": could not find dataconnect.yaml in `c:\Users\Juan\Desktop\educaiapp\educai_app\dataconnect`
 {"metadata":{"emulator":{"name":"dataconnect"},"message":"E0806 16:38:35.003639   10392 load.go:23] Could not load config from \"c:\\\\Users\\\\Juan\\\\Desktop\\\\educaiapp\\\\educai_app\\\\dataconnect\": could not find dataconnect.yaml in `c:\\Users\\Juan\\Desktop\\educaiapp\\educai_app\\dataconnect`\n"}}
[debug] [2025-08-06T19:38:45.004Z] E0806 16:38:45.003568   10392 load.go:23] Could not load config from "c:\\Users\\Juan\\Desktop\\educaiapp\\educai_app\\dataconnect": could not find dataconnect.yaml in `c:\Users\Juan\Desktop\educaiapp\educai_app\dataconnect`
 {"metadata":{"emulator":{"name":"dataconnect"},"message":"E0806 16:38:45.003568   10392 load.go:23] Could not load config from \"c:\\\\Users\\\\Juan\\\\Desktop\\\\educaiapp\\\\educai_app\\\\dataconnect\": could not find dataconnect.yaml in `c:\\Users\\Juan\\Desktop\\educaiapp\\educai_app\\dataconnect`\n"}}
[debug] [2025-08-06T19:38:55.003Z] E0806 16:38:55.003238   10392 load.go:23] Could not load config from "c:\\Users\\Juan\\Desktop\\educaiapp\\educai_app\\dataconnect": could not find dataconnect.yaml in `c:\Users\Juan\Desktop\educaiapp\educai_app\dataconnect`
 {"metadata":{"emulator":{"name":"dataconnect"},"message":"E0806 16:38:55.003238   10392 load.go:23] Could not load config from \"c:\\\\Users\\\\Juan\\\\Desktop\\\\educaiapp\\\\educai_app\\\\dataconnect\": could not find dataconnect.yaml in `c:\\Users\\Juan\\Desktop\\educaiapp\\educai_app\\dataconnect`\n"}}
[debug] [2025-08-06T19:39:05.004Z] E0806 16:39:05.003431   10392 load.go:23] Could not load config from "c:\\Users\\Juan\\Desktop\\educaiapp\\educai_app\\dataconnect": could not find dataconnect.yaml in `c:\Users\Juan\Desktop\educaiapp\educai_app\dataconnect`
 {"metadata":{"emulator":{"name":"dataconnect"},"message":"E0806 16:39:05.003431   10392 load.go:23] Could not load config from \"c:\\\\Users\\\\Juan\\\\Desktop\\\\educaiapp\\\\educai_app\\\\dataconnect\": could not find dataconnect.yaml in `c:\\Users\\Juan\\Desktop\\educaiapp\\educai_app\\dataconnect`\n"}}
[debug] [2025-08-06T19:39:15.003Z] E0806 16:39:15.003516   10392 load.go:23] Could not load config from "c:\\Users\\Juan\\Desktop\\educaiapp\\educai_app\\dataconnect": could not find dataconnect.yaml in `c:\Users\Juan\Desktop\educaiapp\educai_app\dataconnect`
 {"metadata":{"emulator":{"name":"dataconnect"},"message":"E0806 16:39:15.003516   10392 load.go:23] Could not load config from \"c:\\\\Users\\\\Juan\\\\Desktop\\\\educaiapp\\\\educai_app\\\\dataconnect\": could not find dataconnect.yaml in `c:\\Users\\Juan\\Desktop\\educaiapp\\educai_app\\dataconnect`\n"}}
[info] [Firebase Plugin] Stopping Data Connect toolkit
[warn] !  Data Connect Emulator has exited upon receiving signal: SIGKILL 
